
Showing logs for build [32msimonjamesrowe-octant-master-re-48jh5-6[0m stage [32mfrom-build-pack[0m and container [32mcredential-initializer[0m
{"level":"info","ts":1609281112.8392153,"caller":"creds-init/main.go:44","msg":"Credentials initialized."}

Showing logs for build [32msimonjamesrowe-octant-master-re-48jh5-6[0m stage [32mfrom-build-pack[0m and container [32mworking-dir-initializer[0m

Showing logs for build [32msimonjamesrowe-octant-master-re-48jh5-6[0m stage [32mfrom-build-pack[0m and container [32mplace-tools[0m

Showing logs for build [32msimonjamesrowe-octant-master-re-48jh5-6[0m stage [32mfrom-build-pack[0m and container [32mstep-git-source-simonjamesrowe-octant-master-re-48jh5-rlskn[0m
{"level":"info","ts":1609281120.8182836,"caller":"git/git.go:105","msg":"Successfully cloned https://github.com/simonjamesrowe/octant.git @ v0.0.6 in path /workspace/source"}
{"level":"warn","ts":1609281120.8185258,"caller":"git/git.go:152","msg":"Unexpected error: creating symlink: symlink /tekton/home/.ssh /****/.ssh: file exists"}
{"level":"info","ts":1609281120.8772237,"caller":"git/git.go:133","msg":"Successfully initialized and updated submodules in path /workspace/source"}

Showing logs for build [32msimonjamesrowe-octant-master-re-48jh5-6[0m stage [32mfrom-build-pack[0m and container [32mstep-setup-builder-home[0m

Showing logs for build [32msimonjamesrowe-octant-master-re-48jh5-6[0m stage [32mfrom-build-pack[0m and container [32mstep-git-merge[0m
Using SHAs from PULL_REFS=master:2eda7a6c3e25fd9e930d5275b3d7751cf9f2658c
WARNING: no SHAs to merge, falling back to initial cloned commit

Showing logs for build [32msimonjamesrowe-octant-master-re-48jh5-6[0m stage [32mfrom-build-pack[0m and container [32mstep-setup-jx-git-credentials[0m
Generated Git credentials file /workspace/xdg_config/git/credentials

Showing logs for build [32msimonjamesrowe-octant-master-re-48jh5-6[0m stage [32mfrom-build-pack[0m and container [32mstep-build-container-build[0m
[36mINFO[0m[0000] Resolved base name alpine:3 to builder       
[36mINFO[0m[0000] Retrieving image manifest alpine:3           
[36mINFO[0m[0001] Retrieving image manifest alpine:3           
[36mINFO[0m[0003] Retrieving image manifest alpine:3           
[36mINFO[0m[0004] Retrieving image manifest alpine:3           
[36mINFO[0m[0005] Built cross stage deps: map[0:[/opt/octant]] 
[36mINFO[0m[0005] Retrieving image manifest alpine:3           
[36mINFO[0m[0005] Retrieving image manifest alpine:3           
[36mINFO[0m[0006] Executing 0 build triggers                   
[36mINFO[0m[0006] Checking for cached layer harbor.simonjamesrowe.com/todo/cache:7adcbd5da76a158f08a0e3bd216adb5266f5a10fedc8d536cd597d2756dd514f... 
[36mINFO[0m[0007] No cached layer found for cmd RUN apk update &&     apk add       ca-certificates       xdg-utils       &&     wget --quiet --output-document /tmp/octant.tar.gz         https://github.com/vmware-tanzu/octant/releases/download/v${OCTANT_VERSION}/octant_${OCTANT_VERSION}_Linux-64bit.tar.gz &&     sha256sum /tmp/octant.tar.gz | grep "$OCTANT_CHECKSUM" &&     if [[ $? -ne 0 ]]; then echo "Bad checksum"; exit 444; fi &&     tar -xzvf /tmp/octant.tar.gz --strip 1 -C /opt 
[36mINFO[0m[0007] Unpacking ****fs as cmd RUN apk update &&     apk add       ca-certificates       xdg-utils       &&     wget --quiet --output-document /tmp/octant.tar.gz         https://github.com/vmware-tanzu/octant/releases/download/v${OCTANT_VERSION}/octant_${OCTANT_VERSION}_Linux-64bit.tar.gz &&     sha256sum /tmp/octant.tar.gz | grep "$OCTANT_CHECKSUM" &&     if [[ $? -ne 0 ]]; then echo "Bad checksum"; exit 444; fi &&     tar -xzvf /tmp/octant.tar.gz --strip 1 -C /opt requires it. 
[36mINFO[0m[0007] ENV OCTANT_VERSION=0.16.2                    
[36mINFO[0m[0007] No files changed in this command, skipping snapshotting. 
[36mINFO[0m[0007] ENV OCTANT_CHECKSUM=ff8db21bb32fdad5fb44883df19cd95a5cc0a8b196954ba0141b8eba9111e4c9 
[36mINFO[0m[0007] No files changed in this command, skipping snapshotting. 
[36mINFO[0m[0007] RUN apk update &&     apk add       ca-certificates       xdg-utils       &&     wget --quiet --output-document /tmp/octant.tar.gz         https://github.com/vmware-tanzu/octant/releases/download/v${OCTANT_VERSION}/octant_${OCTANT_VERSION}_Linux-64bit.tar.gz &&     sha256sum /tmp/octant.tar.gz | grep "$OCTANT_CHECKSUM" &&     if [[ $? -ne 0 ]]; then echo "Bad checksum"; exit 444; fi &&     tar -xzvf /tmp/octant.tar.gz --strip 1 -C /opt 
[36mINFO[0m[0007] Taking snapshot of full filesystem...        
[36mINFO[0m[0007] Resolving 490 paths                          
[36mINFO[0m[0007] cmd: /bin/sh                                 
[36mINFO[0m[0007] args: [-c apk update &&     apk add       ca-certificates       xdg-utils       &&     wget --quiet --output-document /tmp/octant.tar.gz         https://github.com/vmware-tanzu/octant/releases/download/v${OCTANT_VERSION}/octant_${OCTANT_VERSION}_Linux-64bit.tar.gz &&     sha256sum /tmp/octant.tar.gz | grep "$OCTANT_CHECKSUM" &&     if [[ $? -ne 0 ]]; then echo "Bad checksum"; exit 444; fi &&     tar -xzvf /tmp/octant.tar.gz --strip 1 -C /opt] 
[36mINFO[0m[0007] Running: [/bin/sh -c apk update &&     apk add       ca-certificates       xdg-utils       &&     wget --quiet --output-document /tmp/octant.tar.gz         https://github.com/vmware-tanzu/octant/releases/download/v${OCTANT_VERSION}/octant_${OCTANT_VERSION}_Linux-64bit.tar.gz &&     sha256sum /tmp/octant.tar.gz | grep "$OCTANT_CHECKSUM" &&     if [[ $? -ne 0 ]]; then echo "Bad checksum"; exit 444; fi &&     tar -xzvf /tmp/octant.tar.gz --strip 1 -C /opt] 
fetch http://dl-cdn.alpinelinux.org/alpine/v3.12/main/x86_64/APKINDEX.tar.gz
fetch http://dl-cdn.alpinelinux.org/alpine/v3.12/community/x86_64/APKINDEX.tar.gz
v3.12.3-21-gd73c439b42 [http://dl-cdn.alpinelinux.org/alpine/v3.12/main]
v3.12.3-19-g600182bf4f [http://dl-cdn.alpinelinux.org/alpine/v3.12/community]
OK: 12745 distinct packages available
(1/15) Installing ca-certificates (20191127-r4)
(2/15) Installing libxau (1.0.9-r0)
(3/15) Installing libbsd (0.10.0-r0)
(4/15) Installing libxdmcp (1.1.3-r0)
(5/15) Installing libxcb (1.14-r1)
(6/15) Installing libx11 (1.6.12-r0)
(7/15) Installing libxext (1.3.4-r0)
(8/15) Installing libice (1.0.10-r0)
(9/15) Installing libuuid (2.35.2-r0)
(10/15) Installing libsm (1.2.3-r0)
(11/15) Installing libxt (1.2.0-r0)
(12/15) Installing libxmu (1.1.3-r0)
(13/15) Installing xset (1.2.4-r0)
(14/15) Installing xprop (1.2.4-r0)
(15/15) Installing xdg-utils (1.1.3-r0)
Executing busybox-1.31.1-r19.trigger
Executing ca-certificates-20191127-r4.trigger
OK: 12 MiB in 29 packages
ff8db21bb32fdad5fb44883df19cd95a5cc0a8b196954ba0141b8eba9111e4c9  /tmp/octant.tar.gz
octant_0.16.2_Linux-64bit/README.md
octant_0.16.2_Linux-64bit/octant
[36mINFO[0m[0014] Taking snapshot of full filesystem...        
[36mINFO[0m[0015] Resolving 1253 paths                         
[36mINFO[0m[0020] COPY docker-entrypoint.sh /                  
[36mINFO[0m[0020] Resolving 1 paths                            
[36mINFO[0m[0020] Taking snapshot of files...                  
[36mINFO[0m[0020] Pushing layer harbor.simonjamesrowe.com/todo/cache:29ffa96eebb04225895be0ce5f5d5b9c7ee6f22e67bd74e441ce40b78e2297e7 to cache now 
[36mINFO[0m[0020] Pushing layer harbor.simonjamesrowe.com/todo/cache:7adcbd5da76a158f08a0e3bd216adb5266f5a10fedc8d536cd597d2756dd514f to cache now 
[33mWARN[0m[0020] error uploading layer to cache: failed to push to destination harbor.simonjamesrowe.com/todo/cache:29ffa96eebb04225895be0ce5f5d5b9c7ee6f22e67bd74e441ce40b78e2297e7: HEAD https://harbor.simonjamesrowe.com/v2/todo/cache/blobs/sha256:4fe1436f09e282aa4004f9abab144716bc2b3674b126d3ceb8e85086b28b9e40: unsupported status code 401 
[36mINFO[0m[0020] Saving file opt/octant for later use         
[36mINFO[0m[0020] Deleting filesystem...                       
[36mINFO[0m[0021] Retrieving image manifest alpine:3           
[36mINFO[0m[0022] Retrieving image manifest alpine:3           
[36mINFO[0m[0023] Executing 0 build triggers                   
[36mINFO[0m[0023] Checking for cached layer harbor.simonjamesrowe.com/todo/cache:92e0706e10f9faf0bdc6a70ba86eaf0b7fe63f94fad36ef2417ad4e7385761c2... 
[36mINFO[0m[0023] No cached layer found for cmd RUN addgroup -g 2000 -S octant && adduser -u 1000 -h /home/octant -G octant -S octant 
[36mINFO[0m[0023] Unpacking ****fs as cmd RUN addgroup -g 2000 -S octant && adduser -u 1000 -h /home/octant -G octant -S octant requires it. 
[36mINFO[0m[0024] WORKDIR /tmp                                 
[36mINFO[0m[0024] cmd: workdir                                 
[36mINFO[0m[0024] Changed working directory to /tmp            
[36mINFO[0m[0024] No files changed in this command, skipping snapshotting. 
[36mINFO[0m[0024] RUN addgroup -g 2000 -S octant && adduser -u 1000 -h /home/octant -G octant -S octant 
[36mINFO[0m[0024] Taking snapshot of full filesystem...        
[36mINFO[0m[0025] Resolving 490 paths                          
[36mINFO[0m[0025] cmd: /bin/sh                                 
[36mINFO[0m[0025] args: [-c addgroup -g 2000 -S octant && adduser -u 1000 -h /home/octant -G octant -S octant] 
[36mINFO[0m[0025] Running: [/bin/sh -c addgroup -g 2000 -S octant && adduser -u 1000 -h /home/octant -G octant -S octant] 
[36mINFO[0m[0025] Taking snapshot of full filesystem...        
[36mINFO[0m[0025] Resolving 494 paths                          
[36mINFO[0m[0025] COPY --from=builder /opt/octant /opt/octant  
[36mINFO[0m[0025] Pushing layer harbor.simonjamesrowe.com/todo/cache:92e0706e10f9faf0bdc6a70ba86eaf0b7fe63f94fad36ef2417ad4e7385761c2 to cache now 
[36mINFO[0m[0025] Resolving 1 paths                            
[36mINFO[0m[0025] Taking snapshot of files...                  
[36mINFO[0m[0028] COPY docker-entrypoint.sh /                  
[36mINFO[0m[0028] Pushing layer harbor.simonjamesrowe.com/todo/cache:88e4d9ba4717f9954b13b32f434fa3d96de7d0dee05247a32ef6454a806bff20 to cache now 
[36mINFO[0m[0028] Resolving 1 paths                            
[36mINFO[0m[0028] Taking snapshot of files...                  
[36mINFO[0m[0028] RUN mkdir -p  ~/.config/octant/plugins       
[36mINFO[0m[0028] cmd: /bin/sh                                 
[36mINFO[0m[0028] args: [-c mkdir -p  ~/.config/octant/plugins] 
[36mINFO[0m[0028] Running: [/bin/sh -c mkdir -p  ~/.config/octant/plugins] 
[36mINFO[0m[0028] Pushing layer harbor.simonjamesrowe.com/todo/cache:e202f0dfaa391f16495860f50b42d22d3d9bdc82fe32c666849397227a4f2d4c to cache now 
[36mINFO[0m[0028] Taking snapshot of full filesystem...        
[36mINFO[0m[0029] Resolving 499 paths                          
[36mINFO[0m[0029] RUN wget https://github.com/jenkins-x/octant-**/releases/download/v0.0.36/octant-**-linux-amd64.tar.gz 
[36mINFO[0m[0029] cmd: /bin/sh                                 
[36mINFO[0m[0029] args: [-c wget https://github.com/jenkins-x/octant-**/releases/download/v0.0.36/octant-**-linux-amd64.tar.gz] 
[36mINFO[0m[0029] Running: [/bin/sh -c wget https://github.com/jenkins-x/octant-**/releases/download/v0.0.36/octant-**-linux-amd64.tar.gz] 
[36mINFO[0m[0029] Pushing layer harbor.simonjamesrowe.com/todo/cache:ac87f7b51dce83058840eebcccc6a8e46ba2b56799aa597fd0ad67ce12961271 to cache now 
Connecting to github.com (140.82.121.3:443)
Connecting to github-production-release-asset-2e65be.s3.amazonaws.com (52.217.65.36:443)
saving to 'octant-**-linux-amd64.tar.gz'
octant-**-linux-amd6   0% |                                |  322k  0:02:25 ETA
octant-**-linux-amd6  11% |***                             | 5591k  0:00:14 ETA
octant-**-linux-amd6  29% |*********                       | 13.4M  0:00:07 ETA
octant-**-linux-amd6  53% |*****************               | 24.7M  0:00:03 ETA
octant-**-linux-amd6  79% |*************************       | 36.5M  0:00:01 ETA
octant-**-linux-amd6  97% |******************************* | 44.9M  0:00:00 ETA
octant-**-linux-amd6 100% |********************************| 46.2M  0:00:00 ETA
'octant-**-linux-amd64.tar.gz' saved
[36mINFO[0m[0035] Taking snapshot of full filesystem...        
[36mINFO[0m[0035] Resolving 500 paths                          
[36mINFO[0m[0037] RUN tar -xzvf octant-**-linux-amd64.tar.gz   
[36mINFO[0m[0037] cmd: /bin/sh                                 
[36mINFO[0m[0037] args: [-c tar -xzvf octant-**-linux-amd64.tar.gz] 
[36mINFO[0m[0037] Running: [/bin/sh -c tar -xzvf octant-**-linux-amd64.tar.gz] 
[36mINFO[0m[0037] Pushing layer harbor.simonjamesrowe.com/todo/cache:ea66ecbc7d2d3c70981dbaeef886263cbf7b797382d76b7f7f8a565506f53d7b to cache now 
LICENSE
README.md
changelog.md
octant-**
octant-**o
[36mINFO[0m[0038] Taking snapshot of full filesystem...        
[36mINFO[0m[0039] Resolving 505 paths                          
[36mINFO[0m[0044] Pushing layer harbor.simonjamesrowe.com/todo/cache:75ec5a3d0ecfb012d0d4cdf51a70e71e07154764da02fe59496e05f4e99d2373 to cache now 
[36mINFO[0m[0044] RUN mv octant-* ~/.config/octant/plugins     
[36mINFO[0m[0044] cmd: /bin/sh                                 
[36mINFO[0m[0044] args: [-c mv octant-* ~/.config/octant/plugins] 
[36mINFO[0m[0044] Running: [/bin/sh -c mv octant-* ~/.config/octant/plugins] 
[36mINFO[0m[0044] Taking snapshot of full filesystem...        
[36mINFO[0m[0044] Resolving 505 paths                          
[36mINFO[0m[0051] ENTRYPOINT /docker-entrypoint.sh             
[36mINFO[0m[0051] No files changed in this command, skipping snapshotting. 
[36mINFO[0m[0051] Pushing layer harbor.simonjamesrowe.com/todo/cache:1abc8353d4afc3078e08a803b17ed5f239356954eadaceef4f882310d95f76ec to cache now 
[33mWARN[0m[0051] error uploading layer to cache: failed to push to destination harbor.simonjamesrowe.com/todo/cache:92e0706e10f9faf0bdc6a70ba86eaf0b7fe63f94fad36ef2417ad4e7385761c2: HEAD https://harbor.simonjamesrowe.com/v2/todo/cache/blobs/sha256:288144607a23c7c11f7b07fbe83f978dd5499488b393272fb4389fefc6f72a63: unsupported status code 401 

Showing logs for build [32msimonjamesrowe-octant-master-re-48jh5-6[0m stage [32mfrom-build-pack[0m and container [32mstep-build-helm-build[0m
WARNING: No $CHART_REPOSITORY defined so using the default value of: http://jenkins-x-chartmuseum:8080
DEBUG: Using helmBinary helm with feature flag: template-mode
DEBUG: Initialising Helm 'init --client-only'
Adding missing Helm repo: storage.googleapis.com https://storage.googleapis.com/chartmuseum.jenkins-x.io
Successfully added Helm repository storage.googleapis.com.
Adding missing Helm repo: jenkins-x-chartmuseum http://jenkins-x-chartmuseum:8080
Successfully added Helm repository jenkins-x-chartmuseum.
Running helm dependency build in .
No requirements found in ./charts.

Showing logs for build [32msimonjamesrowe-octant-master-re-48jh5-6[0m stage [32mfrom-build-pack[0m and container [32mstep-promote-changelog[0m
Converted /workspace/source/charts/octant to an unshallow repository
Generating change log from git ref 8ddd2558f3e948860370bcd56e5e382370a859e2 => c6193c4e5f0716d65b29b4d6f6ce33f6ade0c953
Associating user simon-rowe in users.jenkins.io with email simon.rowe@gmail.com to git GitProvider user with login simon-rowe-0 as emails match
Adding label jenkins.io/git-github-userid=simon-rowe-0 to user simon-rowe in users.jenkins.io
Associating user simon-rowe in users.jenkins.io with email simon.rowe@gmail.com to git GitProvider user with login simon-rowe-0 as emails match
Adding label jenkins.io/git-github-userid=simon-rowe-0 to user simon-rowe in users.jenkins.io
Finding issues in commit messages using git format
WARNING: No release found for simonjamesrowe/octant and tag v0.0.6 so creating a new release
Updated the release information at https://github.com/simonjamesrowe/octant/releases/tag/v0.0.6
generated: /workspace/source/charts/octant/templates/release.yaml
Created Release octant-0-0-6 resource in namespace **
Updating PipelineActivity simonjamesrowe-octant-master-6 with version 0.0.6
Updated PipelineActivities simonjamesrowe-octant-master-6 with release notes URL: https://github.com/simonjamesrowe/octant/releases/tag/v0.0.6

Showing logs for build [32msimonjamesrowe-octant-master-re-48jh5-6[0m stage [32mfrom-build-pack[0m and container [32mstep-promote-helm-release[0m
WARNING: No $CHART_REPOSITORY defined so using the default value of: http://jenkins-x-chartmuseum:8080
WARNING: No $CHART_REPOSITORY defined so using the default value of: http://jenkins-x-chartmuseum:8080
Uploading chart file octant-0.0.6.tgz to http://jenkins-x-chartmuseum:8080/api/charts
Received 201 response: {"saved":true}
