
Showing logs for build [32msimonjamesrowe-octant-master-re-vfq4q-7[0m stage [32mfrom-build-pack[0m and container [32mcredential-initializer[0m
{"level":"info","ts":1609312410.1183844,"caller":"creds-init/main.go:44","msg":"Credentials initialized."}

Showing logs for build [32msimonjamesrowe-octant-master-re-vfq4q-7[0m stage [32mfrom-build-pack[0m and container [32mworking-dir-initializer[0m

Showing logs for build [32msimonjamesrowe-octant-master-re-vfq4q-7[0m stage [32mfrom-build-pack[0m and container [32mplace-tools[0m

Showing logs for build [32msimonjamesrowe-octant-master-re-vfq4q-7[0m stage [32mfrom-build-pack[0m and container [32mstep-git-source-simonjamesrowe-octant-master-re-vfq4q-lzvqs[0m
{"level":"info","ts":1609312418.6811259,"caller":"git/git.go:105","msg":"Successfully cloned https://github.com/simonjamesrowe/octant.git @ v0.0.7 in path /workspace/source"}
{"level":"warn","ts":1609312418.6813731,"caller":"git/git.go:152","msg":"Unexpected error: creating symlink: symlink /tekton/home/.ssh /****/.ssh: file exists"}
{"level":"info","ts":1609312418.7302825,"caller":"git/git.go:133","msg":"Successfully initialized and updated submodules in path /workspace/source"}

Showing logs for build [32msimonjamesrowe-octant-master-re-vfq4q-7[0m stage [32mfrom-build-pack[0m and container [32mstep-setup-builder-home[0m

Showing logs for build [32msimonjamesrowe-octant-master-re-vfq4q-7[0m stage [32mfrom-build-pack[0m and container [32mstep-git-merge[0m
Using SHAs from PULL_REFS=master:6b5e1b912218f7de842a82febba19a603cc6b33e
WARNING: no SHAs to merge, falling back to initial cloned commit

Showing logs for build [32msimonjamesrowe-octant-master-re-vfq4q-7[0m stage [32mfrom-build-pack[0m and container [32mstep-setup-jx-git-credentials[0m
Generated Git credentials file /workspace/xdg_config/git/credentials

Showing logs for build [32msimonjamesrowe-octant-master-re-vfq4q-7[0m stage [32mfrom-build-pack[0m and container [32mstep-build-container-build[0m
[36mINFO[0m[0000] Resolved base name alpine:3 to builder       
[36mINFO[0m[0000] Retrieving image manifest alpine:3           
[36mINFO[0m[0002] Retrieving image manifest alpine:3           
[36mINFO[0m[0003] Retrieving image manifest alpine:3           
[36mINFO[0m[0003] Retrieving image manifest alpine:3           
[36mINFO[0m[0004] Built cross stage deps: map[0:[/opt/octant]] 
[36mINFO[0m[0004] Retrieving image manifest alpine:3           
[36mINFO[0m[0005] Retrieving image manifest alpine:3           
[36mINFO[0m[0007] Executing 0 build triggers                   
[36mINFO[0m[0007] Checking for cached layer harbor.simonjamesrowe.com/todo/cache:7adcbd5da76a158f08a0e3bd216adb5266f5a10fedc8d536cd597d2756dd514f... 
[36mINFO[0m[0007] No cached layer found for cmd RUN apk update &&     apk add       ca-certificates       xdg-utils       &&     wget --quiet --output-document /tmp/octant.tar.gz         https://github.com/vmware-tanzu/octant/releases/download/v${OCTANT_VERSION}/octant_${OCTANT_VERSION}_Linux-64bit.tar.gz &&     sha256sum /tmp/octant.tar.gz | grep "$OCTANT_CHECKSUM" &&     if [[ $? -ne 0 ]]; then echo "Bad checksum"; exit 444; fi &&     tar -xzvf /tmp/octant.tar.gz --strip 1 -C /opt 
[36mINFO[0m[0007] Unpacking ****fs as cmd RUN apk update &&     apk add       ca-certificates       xdg-utils       &&     wget --quiet --output-document /tmp/octant.tar.gz         https://github.com/vmware-tanzu/octant/releases/download/v${OCTANT_VERSION}/octant_${OCTANT_VERSION}_Linux-64bit.tar.gz &&     sha256sum /tmp/octant.tar.gz | grep "$OCTANT_CHECKSUM" &&     if [[ $? -ne 0 ]]; then echo "Bad checksum"; exit 444; fi &&     tar -xzvf /tmp/octant.tar.gz --strip 1 -C /opt requires it. 
[36mINFO[0m[0007] ENV OCTANT_VERSION=0.16.2                    
[36mINFO[0m[0007] No files changed in this command, skipping snapshotting. 
[36mINFO[0m[0007] ENV OCTANT_CHECKSUM=ff8db21bb32fdad5fb44883df19cd95a5cc0a8b196954ba0141b8eba9111e4c9 
[36mINFO[0m[0007] No files changed in this command, skipping snapshotting. 
[36mINFO[0m[0007] RUN apk update &&     apk add       ca-certificates       xdg-utils       &&     wget --quiet --output-document /tmp/octant.tar.gz         https://github.com/vmware-tanzu/octant/releases/download/v${OCTANT_VERSION}/octant_${OCTANT_VERSION}_Linux-64bit.tar.gz &&     sha256sum /tmp/octant.tar.gz | grep "$OCTANT_CHECKSUM" &&     if [[ $? -ne 0 ]]; then echo "Bad checksum"; exit 444; fi &&     tar -xzvf /tmp/octant.tar.gz --strip 1 -C /opt 
[36mINFO[0m[0007] Taking snapshot of full filesystem...        
[36mINFO[0m[0007] Resolving 490 paths                          
[36mINFO[0m[0007] cmd: /bin/sh                                 
[36mINFO[0m[0007] args: [-c apk update &&     apk add       ca-certificates       xdg-utils       &&     wget --quiet --output-document /tmp/octant.tar.gz         https://github.com/vmware-tanzu/octant/releases/download/v${OCTANT_VERSION}/octant_${OCTANT_VERSION}_Linux-64bit.tar.gz &&     sha256sum /tmp/octant.tar.gz | grep "$OCTANT_CHECKSUM" &&     if [[ $? -ne 0 ]]; then echo "Bad checksum"; exit 444; fi &&     tar -xzvf /tmp/octant.tar.gz --strip 1 -C /opt] 
[36mINFO[0m[0007] Running: [/bin/sh -c apk update &&     apk add       ca-certificates       xdg-utils       &&     wget --quiet --output-document /tmp/octant.tar.gz         https://github.com/vmware-tanzu/octant/releases/download/v${OCTANT_VERSION}/octant_${OCTANT_VERSION}_Linux-64bit.tar.gz &&     sha256sum /tmp/octant.tar.gz | grep "$OCTANT_CHECKSUM" &&     if [[ $? -ne 0 ]]; then echo "Bad checksum"; exit 444; fi &&     tar -xzvf /tmp/octant.tar.gz --strip 1 -C /opt] 
fetch http://dl-cdn.alpinelinux.org/alpine/v3.12/main/x86_64/APKINDEX.tar.gz
fetch http://dl-cdn.alpinelinux.org/alpine/v3.12/community/x86_64/APKINDEX.tar.gz
v3.12.3-21-gd73c439b42 [http://dl-cdn.alpinelinux.org/alpine/v3.12/main]
v3.12.3-19-g600182bf4f [http://dl-cdn.alpinelinux.org/alpine/v3.12/community]
OK: 12745 distinct packages available
(1/15) Installing ca-certificates (20191127-r4)
(2/15) Installing libxau (1.0.9-r0)
(3/15) Installing libbsd (0.10.0-r0)
(4/15) Installing libxdmcp (1.1.3-r0)
(5/15) Installing libxcb (1.14-r1)
(6/15) Installing libx11 (1.6.12-r0)
(7/15) Installing libxext (1.3.4-r0)
(8/15) Installing libice (1.0.10-r0)
(9/15) Installing libuuid (2.35.2-r0)
(10/15) Installing libsm (1.2.3-r0)
(11/15) Installing libxt (1.2.0-r0)
(12/15) Installing libxmu (1.1.3-r0)
(13/15) Installing xset (1.2.4-r0)
(14/15) Installing xprop (1.2.4-r0)
(15/15) Installing xdg-utils (1.1.3-r0)
Executing busybox-1.31.1-r19.trigger
Executing ca-certificates-20191127-r4.trigger
OK: 12 MiB in 29 packages
ff8db21bb32fdad5fb44883df19cd95a5cc0a8b196954ba0141b8eba9111e4c9  /tmp/octant.tar.gz
octant_0.16.2_Linux-64bit/README.md
octant_0.16.2_Linux-64bit/octant
[36mINFO[0m[0013] Taking snapshot of full filesystem...        
[36mINFO[0m[0013] Resolving 1253 paths                         
[36mINFO[0m[0018] COPY docker-entrypoint.sh /                  
[36mINFO[0m[0018] Resolving 1 paths                            
[36mINFO[0m[0018] Taking snapshot of files...                  
[36mINFO[0m[0018] Pushing layer harbor.simonjamesrowe.com/todo/cache:29ffa96eebb04225895be0ce5f5d5b9c7ee6f22e67bd74e441ce40b78e2297e7 to cache now 
[36mINFO[0m[0018] Pushing layer harbor.simonjamesrowe.com/todo/cache:7adcbd5da76a158f08a0e3bd216adb5266f5a10fedc8d536cd597d2756dd514f to cache now 
[33mWARN[0m[0018] error uploading layer to cache: failed to push to destination harbor.simonjamesrowe.com/todo/cache:29ffa96eebb04225895be0ce5f5d5b9c7ee6f22e67bd74e441ce40b78e2297e7: HEAD https://harbor.simonjamesrowe.com/v2/todo/cache/blobs/sha256:2501c7d45362c9af9e7e37634b6ad281e6acd9d07b3be75467c49ece95564f4f: unsupported status code 401 
[36mINFO[0m[0018] Saving file opt/octant for later use         
[36mINFO[0m[0018] Deleting filesystem...                       
[36mINFO[0m[0018] Retrieving image manifest alpine:3           
[36mINFO[0m[0019] Retrieving image manifest alpine:3           
[36mINFO[0m[0020] Executing 0 build triggers                   
[36mINFO[0m[0020] Checking for cached layer harbor.simonjamesrowe.com/todo/cache:92e0706e10f9faf0bdc6a70ba86eaf0b7fe63f94fad36ef2417ad4e7385761c2... 
[36mINFO[0m[0021] No cached layer found for cmd RUN addgroup -g 2000 -S octant && adduser -u 1000 -h /home/octant -G octant -S octant 
[36mINFO[0m[0021] Unpacking ****fs as cmd RUN addgroup -g 2000 -S octant && adduser -u 1000 -h /home/octant -G octant -S octant requires it. 
[36mINFO[0m[0021] WORKDIR /tmp                                 
[36mINFO[0m[0021] cmd: workdir                                 
[36mINFO[0m[0021] Changed working directory to /tmp            
[36mINFO[0m[0021] No files changed in this command, skipping snapshotting. 
[36mINFO[0m[0021] RUN addgroup -g 2000 -S octant && adduser -u 1000 -h /home/octant -G octant -S octant 
[36mINFO[0m[0021] Taking snapshot of full filesystem...        
[36mINFO[0m[0021] Resolving 490 paths                          
[36mINFO[0m[0021] cmd: /bin/sh                                 
[36mINFO[0m[0021] args: [-c addgroup -g 2000 -S octant && adduser -u 1000 -h /home/octant -G octant -S octant] 
[36mINFO[0m[0021] Running: [/bin/sh -c addgroup -g 2000 -S octant && adduser -u 1000 -h /home/octant -G octant -S octant] 
[36mINFO[0m[0022] Taking snapshot of full filesystem...        
[36mINFO[0m[0022] Resolving 494 paths                          
[36mINFO[0m[0022] Pushing layer harbor.simonjamesrowe.com/todo/cache:92e0706e10f9faf0bdc6a70ba86eaf0b7fe63f94fad36ef2417ad4e7385761c2 to cache now 
[36mINFO[0m[0022] COPY --from=builder /opt/octant /opt/octant  
[36mINFO[0m[0022] Resolving 1 paths                            
[36mINFO[0m[0022] Taking snapshot of files...                  
[36mINFO[0m[0025] COPY docker-entrypoint.sh /                  
[36mINFO[0m[0025] Resolving 1 paths                            
[36mINFO[0m[0025] Taking snapshot of files...                  
[36mINFO[0m[0025] RUN mkdir -p  ~/.config/octant/plugins       
[36mINFO[0m[0025] cmd: /bin/sh                                 
[36mINFO[0m[0025] args: [-c mkdir -p  ~/.config/octant/plugins] 
[36mINFO[0m[0025] Running: [/bin/sh -c mkdir -p  ~/.config/octant/plugins] 
[36mINFO[0m[0025] Pushing layer harbor.simonjamesrowe.com/todo/cache:e202f0dfaa391f16495860f50b42d22d3d9bdc82fe32c666849397227a4f2d4c to cache now 
[36mINFO[0m[0025] Taking snapshot of full filesystem...        
[36mINFO[0m[0025] Pushing layer harbor.simonjamesrowe.com/todo/cache:88e4d9ba4717f9954b13b32f434fa3d96de7d0dee05247a32ef6454a806bff20 to cache now 
[36mINFO[0m[0025] Resolving 499 paths                          
[36mINFO[0m[0025] RUN wget https://github.com/jenkins-x/octant-**/releases/download/v0.0.36/octant-**-linux-amd64.tar.gz 
[36mINFO[0m[0025] cmd: /bin/sh                                 
[36mINFO[0m[0025] args: [-c wget https://github.com/jenkins-x/octant-**/releases/download/v0.0.36/octant-**-linux-amd64.tar.gz] 
[36mINFO[0m[0025] Running: [/bin/sh -c wget https://github.com/jenkins-x/octant-**/releases/download/v0.0.36/octant-**-linux-amd64.tar.gz] 
[36mINFO[0m[0025] Pushing layer harbor.simonjamesrowe.com/todo/cache:ac87f7b51dce83058840eebcccc6a8e46ba2b56799aa597fd0ad67ce12961271 to cache now 
Connecting to github.com (140.82.121.3:443)
Connecting to github-production-release-asset-2e65be.s3.amazonaws.com (52.217.108.52:443)
saving to 'octant-**-linux-amd64.tar.gz'
octant-**-linux-amd6   3% |*                               | 1869k  0:00:24 ETA
octant-**-linux-amd6  40% |*************                   | 18.9M  0:00:02 ETA
octant-**-linux-amd6  81% |**************************      | 37.8M  0:00:00 ETA
octant-**-linux-amd6 100% |********************************| 46.2M  0:00:00 ETA
'octant-**-linux-amd64.tar.gz' saved
[36mINFO[0m[0029] Taking snapshot of full filesystem...        
[36mINFO[0m[0030] Resolving 500 paths                          
[36mINFO[0m[0031] RUN tar -xzvf octant-**-linux-amd64.tar.gz   
[36mINFO[0m[0031] cmd: /bin/sh                                 
[36mINFO[0m[0031] args: [-c tar -xzvf octant-**-linux-amd64.tar.gz] 
[36mINFO[0m[0031] Running: [/bin/sh -c tar -xzvf octant-**-linux-amd64.tar.gz] 
LICENSE
[36mINFO[0m[0031] Pushing layer harbor.simonjamesrowe.com/todo/cache:ea66ecbc7d2d3c70981dbaeef886263cbf7b797382d76b7f7f8a565506f53d7b to cache now 
README.md
changelog.md
octant-**
octant-**o
[36mINFO[0m[0032] Taking snapshot of full filesystem...        
[36mINFO[0m[0033] Resolving 505 paths                          
[36mINFO[0m[0037] Pushing layer harbor.simonjamesrowe.com/todo/cache:75ec5a3d0ecfb012d0d4cdf51a70e71e07154764da02fe59496e05f4e99d2373 to cache now 
[36mINFO[0m[0037] RUN mv octant-* /home/octant/.config/octant/plugins 
[36mINFO[0m[0037] cmd: /bin/sh                                 
[36mINFO[0m[0037] args: [-c mv octant-* /home/octant/.config/octant/plugins] 
[36mINFO[0m[0037] Running: [/bin/sh -c mv octant-* /home/octant/.config/octant/plugins] 
mv: can't rename 'octant-**': No such file or directory
mv: can't rename 'octant-**-linux-amd64.tar.gz': No such file or directory
mv: can't rename 'octant-**o': No such file or directory
error building image: error building stage: failed to execute command: waiting for process to exit: exit status 1
[31m
Pipeline failed on stage 'from-build-pack' : container 'step-build-container-build'. The execution of the pipeline has stopped.[0m
