
Showing logs for build [32msimonjamesrowe-octant-master-re-ppg7s-8[0m stage [32mfrom-build-pack[0m and container [32mcredential-initializer[0m
{"level":"info","ts":1609312591.6790857,"caller":"creds-init/main.go:44","msg":"Credentials initialized."}

Showing logs for build [32msimonjamesrowe-octant-master-re-ppg7s-8[0m stage [32mfrom-build-pack[0m and container [32mworking-dir-initializer[0m

Showing logs for build [32msimonjamesrowe-octant-master-re-ppg7s-8[0m stage [32mfrom-build-pack[0m and container [32mplace-tools[0m

Showing logs for build [32msimonjamesrowe-octant-master-re-ppg7s-8[0m stage [32mfrom-build-pack[0m and container [32mstep-git-source-simonjamesrowe-octant-master-re-ppg7s-7k44r[0m
{"level":"info","ts":1609312600.3728404,"caller":"git/git.go:105","msg":"Successfully cloned https://github.com/simonjamesrowe/octant.git @ v0.0.8 in path /workspace/source"}
{"level":"warn","ts":1609312600.3729727,"caller":"git/git.go:152","msg":"Unexpected error: creating symlink: symlink /tekton/home/.ssh /****/.ssh: file exists"}
{"level":"info","ts":1609312600.421037,"caller":"git/git.go:133","msg":"Successfully initialized and updated submodules in path /workspace/source"}

Showing logs for build [32msimonjamesrowe-octant-master-re-ppg7s-8[0m stage [32mfrom-build-pack[0m and container [32mstep-setup-builder-home[0m

Showing logs for build [32msimonjamesrowe-octant-master-re-ppg7s-8[0m stage [32mfrom-build-pack[0m and container [32mstep-git-merge[0m
Using SHAs from PULL_REFS=master:30ccad9d287a80979f2309828bfd72036690b648
WARNING: no SHAs to merge, falling back to initial cloned commit

Showing logs for build [32msimonjamesrowe-octant-master-re-ppg7s-8[0m stage [32mfrom-build-pack[0m and container [32mstep-setup-jx-git-credentials[0m
Generated Git credentials file /workspace/xdg_config/git/credentials

Showing logs for build [32msimonjamesrowe-octant-master-re-ppg7s-8[0m stage [32mfrom-build-pack[0m and container [32mstep-build-container-build[0m
[36mINFO[0m[0000] Resolved base name alpine:3 to builder       
[36mINFO[0m[0000] Retrieving image manifest alpine:3           
[36mINFO[0m[0001] Retrieving image manifest alpine:3           
[36mINFO[0m[0002] Retrieving image manifest alpine:3           
[36mINFO[0m[0003] Retrieving image manifest alpine:3           
[36mINFO[0m[0004] Built cross stage deps: map[0:[/opt/octant]] 
[36mINFO[0m[0004] Retrieving image manifest alpine:3           
[36mINFO[0m[0005] Retrieving image manifest alpine:3           
[36mINFO[0m[0006] Executing 0 build triggers                   
[36mINFO[0m[0006] Checking for cached layer harbor.simonjamesrowe.com/todo/cache:7adcbd5da76a158f08a0e3bd216adb5266f5a10fedc8d536cd597d2756dd514f... 
[36mINFO[0m[0006] No cached layer found for cmd RUN apk update &&     apk add       ca-certificates       xdg-utils       &&     wget --quiet --output-document /tmp/octant.tar.gz         https://github.com/vmware-tanzu/octant/releases/download/v${OCTANT_VERSION}/octant_${OCTANT_VERSION}_Linux-64bit.tar.gz &&     sha256sum /tmp/octant.tar.gz | grep "$OCTANT_CHECKSUM" &&     if [[ $? -ne 0 ]]; then echo "Bad checksum"; exit 444; fi &&     tar -xzvf /tmp/octant.tar.gz --strip 1 -C /opt 
[36mINFO[0m[0006] Unpacking ****fs as cmd RUN apk update &&     apk add       ca-certificates       xdg-utils       &&     wget --quiet --output-document /tmp/octant.tar.gz         https://github.com/vmware-tanzu/octant/releases/download/v${OCTANT_VERSION}/octant_${OCTANT_VERSION}_Linux-64bit.tar.gz &&     sha256sum /tmp/octant.tar.gz | grep "$OCTANT_CHECKSUM" &&     if [[ $? -ne 0 ]]; then echo "Bad checksum"; exit 444; fi &&     tar -xzvf /tmp/octant.tar.gz --strip 1 -C /opt requires it. 
[36mINFO[0m[0007] ENV OCTANT_VERSION=0.16.2                    
[36mINFO[0m[0007] No files changed in this command, skipping snapshotting. 
[36mINFO[0m[0007] ENV OCTANT_CHECKSUM=ff8db21bb32fdad5fb44883df19cd95a5cc0a8b196954ba0141b8eba9111e4c9 
[36mINFO[0m[0007] No files changed in this command, skipping snapshotting. 
[36mINFO[0m[0007] RUN apk update &&     apk add       ca-certificates       xdg-utils       &&     wget --quiet --output-document /tmp/octant.tar.gz         https://github.com/vmware-tanzu/octant/releases/download/v${OCTANT_VERSION}/octant_${OCTANT_VERSION}_Linux-64bit.tar.gz &&     sha256sum /tmp/octant.tar.gz | grep "$OCTANT_CHECKSUM" &&     if [[ $? -ne 0 ]]; then echo "Bad checksum"; exit 444; fi &&     tar -xzvf /tmp/octant.tar.gz --strip 1 -C /opt 
[36mINFO[0m[0007] Taking snapshot of full filesystem...        
[36mINFO[0m[0007] Resolving 490 paths                          
[36mINFO[0m[0007] cmd: /bin/sh                                 
[36mINFO[0m[0007] args: [-c apk update &&     apk add       ca-certificates       xdg-utils       &&     wget --quiet --output-document /tmp/octant.tar.gz         https://github.com/vmware-tanzu/octant/releases/download/v${OCTANT_VERSION}/octant_${OCTANT_VERSION}_Linux-64bit.tar.gz &&     sha256sum /tmp/octant.tar.gz | grep "$OCTANT_CHECKSUM" &&     if [[ $? -ne 0 ]]; then echo "Bad checksum"; exit 444; fi &&     tar -xzvf /tmp/octant.tar.gz --strip 1 -C /opt] 
[36mINFO[0m[0007] Running: [/bin/sh -c apk update &&     apk add       ca-certificates       xdg-utils       &&     wget --quiet --output-document /tmp/octant.tar.gz         https://github.com/vmware-tanzu/octant/releases/download/v${OCTANT_VERSION}/octant_${OCTANT_VERSION}_Linux-64bit.tar.gz &&     sha256sum /tmp/octant.tar.gz | grep "$OCTANT_CHECKSUM" &&     if [[ $? -ne 0 ]]; then echo "Bad checksum"; exit 444; fi &&     tar -xzvf /tmp/octant.tar.gz --strip 1 -C /opt] 
fetch http://dl-cdn.alpinelinux.org/alpine/v3.12/main/x86_64/APKINDEX.tar.gz
fetch http://dl-cdn.alpinelinux.org/alpine/v3.12/community/x86_64/APKINDEX.tar.gz
v3.12.3-21-gd73c439b42 [http://dl-cdn.alpinelinux.org/alpine/v3.12/main]
v3.12.3-19-g600182bf4f [http://dl-cdn.alpinelinux.org/alpine/v3.12/community]
OK: 12745 distinct packages available
(1/15) Installing ca-certificates (20191127-r4)
(2/15) Installing libxau (1.0.9-r0)
(3/15) Installing libbsd (0.10.0-r0)
(4/15) Installing libxdmcp (1.1.3-r0)
(5/15) Installing libxcb (1.14-r1)
(6/15) Installing libx11 (1.6.12-r0)
(7/15) Installing libxext (1.3.4-r0)
(8/15) Installing libice (1.0.10-r0)
(9/15) Installing libuuid (2.35.2-r0)
(10/15) Installing libsm (1.2.3-r0)
(11/15) Installing libxt (1.2.0-r0)
(12/15) Installing libxmu (1.1.3-r0)
(13/15) Installing xset (1.2.4-r0)
(14/15) Installing xprop (1.2.4-r0)
(15/15) Installing xdg-utils (1.1.3-r0)
Executing busybox-1.31.1-r19.trigger
Executing ca-certificates-20191127-r4.trigger
OK: 12 MiB in 29 packages
ff8db21bb32fdad5fb44883df19cd95a5cc0a8b196954ba0141b8eba9111e4c9  /tmp/octant.tar.gz
octant_0.16.2_Linux-64bit/README.md
octant_0.16.2_Linux-64bit/octant
[36mINFO[0m[0013] Taking snapshot of full filesystem...        
[36mINFO[0m[0013] Resolving 1253 paths                         
[36mINFO[0m[0018] Pushing layer harbor.simonjamesrowe.com/todo/cache:7adcbd5da76a158f08a0e3bd216adb5266f5a10fedc8d536cd597d2756dd514f to cache now 
[36mINFO[0m[0018] COPY docker-entrypoint.sh /                  
[36mINFO[0m[0018] Resolving 1 paths                            
[36mINFO[0m[0018] Taking snapshot of files...                  
[36mINFO[0m[0018] Pushing layer harbor.simonjamesrowe.com/todo/cache:29ffa96eebb04225895be0ce5f5d5b9c7ee6f22e67bd74e441ce40b78e2297e7 to cache now 
[33mWARN[0m[0018] error uploading layer to cache: failed to push to destination harbor.simonjamesrowe.com/todo/cache:7adcbd5da76a158f08a0e3bd216adb5266f5a10fedc8d536cd597d2756dd514f: HEAD https://harbor.simonjamesrowe.com/v2/todo/cache/blobs/sha256:fb78e33d830f28cac64181ba32584fc7cd6230acb5df7206a9943a4c2db5c8b9: unsupported status code 401 
[36mINFO[0m[0018] Saving file opt/octant for later use         
[36mINFO[0m[0018] Deleting filesystem...                       
[36mINFO[0m[0018] Retrieving image manifest alpine:3           
[36mINFO[0m[0020] Retrieving image manifest alpine:3           
[36mINFO[0m[0021] Executing 0 build triggers                   
[36mINFO[0m[0021] Checking for cached layer harbor.simonjamesrowe.com/todo/cache:92e0706e10f9faf0bdc6a70ba86eaf0b7fe63f94fad36ef2417ad4e7385761c2... 
[36mINFO[0m[0021] No cached layer found for cmd RUN addgroup -g 2000 -S octant && adduser -u 1000 -h /home/octant -G octant -S octant 
[36mINFO[0m[0021] Unpacking ****fs as cmd RUN addgroup -g 2000 -S octant && adduser -u 1000 -h /home/octant -G octant -S octant requires it. 
[36mINFO[0m[0022] WORKDIR /tmp                                 
[36mINFO[0m[0022] cmd: workdir                                 
[36mINFO[0m[0022] Changed working directory to /tmp            
[36mINFO[0m[0022] No files changed in this command, skipping snapshotting. 
[36mINFO[0m[0022] RUN addgroup -g 2000 -S octant && adduser -u 1000 -h /home/octant -G octant -S octant 
[36mINFO[0m[0022] Taking snapshot of full filesystem...        
[36mINFO[0m[0022] Resolving 490 paths                          
[36mINFO[0m[0022] cmd: /bin/sh                                 
[36mINFO[0m[0022] args: [-c addgroup -g 2000 -S octant && adduser -u 1000 -h /home/octant -G octant -S octant] 
[36mINFO[0m[0022] Running: [/bin/sh -c addgroup -g 2000 -S octant && adduser -u 1000 -h /home/octant -G octant -S octant] 
[36mINFO[0m[0022] Taking snapshot of full filesystem...        
[36mINFO[0m[0022] Resolving 494 paths                          
[36mINFO[0m[0022] COPY --from=builder /opt/octant /opt/octant  
[36mINFO[0m[0022] Pushing layer harbor.simonjamesrowe.com/todo/cache:92e0706e10f9faf0bdc6a70ba86eaf0b7fe63f94fad36ef2417ad4e7385761c2 to cache now 
[36mINFO[0m[0022] Resolving 1 paths                            
[36mINFO[0m[0022] Taking snapshot of files...                  
[36mINFO[0m[0026] COPY docker-entrypoint.sh /                  
[36mINFO[0m[0026] Resolving 1 paths                            
[36mINFO[0m[0026] Taking snapshot of files...                  
[36mINFO[0m[0026] Pushing layer harbor.simonjamesrowe.com/todo/cache:e202f0dfaa391f16495860f50b42d22d3d9bdc82fe32c666849397227a4f2d4c to cache now 
[36mINFO[0m[0026] RUN mkdir -p /home/octant/.config/octant/plugins 
[36mINFO[0m[0026] cmd: /bin/sh                                 
[36mINFO[0m[0026] args: [-c mkdir -p /home/octant/.config/octant/plugins] 
[36mINFO[0m[0026] Running: [/bin/sh -c mkdir -p /home/octant/.config/octant/plugins] 
[36mINFO[0m[0026] Taking snapshot of full filesystem...        
[36mINFO[0m[0026] Pushing layer harbor.simonjamesrowe.com/todo/cache:88e4d9ba4717f9954b13b32f434fa3d96de7d0dee05247a32ef6454a806bff20 to cache now 
[36mINFO[0m[0026] Resolving 499 paths                          
[36mINFO[0m[0026] RUN wget https://github.com/jenkins-x/octant-**/releases/download/v0.0.36/octant-**-linux-amd64.tar.gz 
[36mINFO[0m[0026] cmd: /bin/sh                                 
[36mINFO[0m[0026] args: [-c wget https://github.com/jenkins-x/octant-**/releases/download/v0.0.36/octant-**-linux-amd64.tar.gz] 
[36mINFO[0m[0026] Running: [/bin/sh -c wget https://github.com/jenkins-x/octant-**/releases/download/v0.0.36/octant-**-linux-amd64.tar.gz] 
[36mINFO[0m[0026] Pushing layer harbor.simonjamesrowe.com/todo/cache:00abe2607ff67500a6a9dd3b6ab2a71cdc907b039c3fe1be6a56916cca4864ea to cache now 
Connecting to github.com (140.82.121.3:443)
Connecting to github-production-release-asset-2e65be.s3.amazonaws.com (52.217.45.164:443)
saving to 'octant-**-linux-amd64.tar.gz'
octant-**-linux-amd6   7% |**                              | 3613k  0:00:12 ETA
octant-**-linux-amd6  47% |***************                 | 21.7M  0:00:02 ETA
octant-**-linux-amd6  88% |****************************    | 40.8M  0:00:00 ETA
octant-**-linux-amd6 100% |********************************| 46.2M  0:00:00 ETA
'octant-**-linux-amd64.tar.gz' saved
[36mINFO[0m[0030] Taking snapshot of full filesystem...        
[36mINFO[0m[0030] Resolving 500 paths                          
[36mINFO[0m[0032] RUN tar -xzvf octant-**-linux-amd64.tar.gz   
[36mINFO[0m[0032] cmd: /bin/sh                                 
[36mINFO[0m[0032] args: [-c tar -xzvf octant-**-linux-amd64.tar.gz] 
[36mINFO[0m[0032] Running: [/bin/sh -c tar -xzvf octant-**-linux-amd64.tar.gz] 
LICENSE
[36mINFO[0m[0032] Pushing layer harbor.simonjamesrowe.com/todo/cache:f318562f643e627c2583ce117a272140450a6a8c0fe17166d3d9ed2e00597856 to cache now 
README.md
changelog.md
octant-**
octant-**o
[36mINFO[0m[0033] Taking snapshot of full filesystem...        
[36mINFO[0m[0034] Resolving 505 paths                          
[36mINFO[0m[0038] RUN mv octant-* /home/octant/.config/octant/plugins 
[36mINFO[0m[0038] cmd: /bin/sh                                 
[36mINFO[0m[0038] args: [-c mv octant-* /home/octant/.config/octant/plugins] 
[36mINFO[0m[0038] Running: [/bin/sh -c mv octant-* /home/octant/.config/octant/plugins] 
[36mINFO[0m[0038] Taking snapshot of full filesystem...        
[36mINFO[0m[0038] Pushing layer harbor.simonjamesrowe.com/todo/cache:27679d69e982380dcbcdbe658598013552fd6c0795d7148177894c9815ad52b0 to cache now 
[36mINFO[0m[0039] Resolving 505 paths                          
[36mINFO[0m[0044] ENTRYPOINT /docker-entrypoint.sh             
[36mINFO[0m[0044] No files changed in this command, skipping snapshotting. 
[36mINFO[0m[0044] Pushing layer harbor.simonjamesrowe.com/todo/cache:c249380cdd838be42d9d45d64739b8d4bacc84eb84923b85cf8caa1466a80029 to cache now 
[33mWARN[0m[0044] error uploading layer to cache: failed to push to destination harbor.simonjamesrowe.com/todo/cache:92e0706e10f9faf0bdc6a70ba86eaf0b7fe63f94fad36ef2417ad4e7385761c2: HEAD https://harbor.simonjamesrowe.com/v2/todo/cache/blobs/sha256:93dfee9ff07037e254c2060fb1fbad415124912f7c92997314f48106fff897df: unsupported status code 401 

Showing logs for build [32msimonjamesrowe-octant-master-re-ppg7s-8[0m stage [32mfrom-build-pack[0m and container [32mstep-build-helm-build[0m
WARNING: No $CHART_REPOSITORY defined so using the default value of: http://jenkins-x-chartmuseum:8080
DEBUG: Using helmBinary helm with feature flag: template-mode
DEBUG: Initialising Helm 'init --client-only'
Adding missing Helm repo: storage.googleapis.com https://storage.googleapis.com/chartmuseum.jenkins-x.io
Successfully added Helm repository storage.googleapis.com.
Adding missing Helm repo: jenkins-x-chartmuseum http://jenkins-x-chartmuseum:8080
Successfully added Helm repository jenkins-x-chartmuseum.
Running helm dependency build in .
No requirements found in ./charts.

Showing logs for build [32msimonjamesrowe-octant-master-re-ppg7s-8[0m stage [32mfrom-build-pack[0m and container [32mstep-promote-changelog[0m
Converted /workspace/source/charts/octant to an unshallow repository
Generating change log from git ref f7e2fac25336a311a439e839587ae5b5dd6b7be5 => adf770fe30d26841366ae75744c7078877814a2a
Associating user simon-rowe in users.jenkins.io with email simon.rowe@gmail.com to git GitProvider user with login simon-rowe-0 as emails match
Adding label jenkins.io/git-github-userid=simon-rowe-0 to user simon-rowe in users.jenkins.io
Associating user simon-rowe in users.jenkins.io with email simon.rowe@gmail.com to git GitProvider user with login simon-rowe-0 as emails match
Adding label jenkins.io/git-github-userid=simon-rowe-0 to user simon-rowe in users.jenkins.io
Finding issues in commit messages using git format
WARNING: No release found for simonjamesrowe/octant and tag v0.0.8 so creating a new release
Updated the release information at https://github.com/simonjamesrowe/octant/releases/tag/v0.0.8
generated: /workspace/source/charts/octant/templates/release.yaml
Created Release octant-0-0-8 resource in namespace **
Updating PipelineActivity simonjamesrowe-octant-master-8 with version 0.0.8
Updated PipelineActivities simonjamesrowe-octant-master-8 with release notes URL: https://github.com/simonjamesrowe/octant/releases/tag/v0.0.8

Showing logs for build [32msimonjamesrowe-octant-master-re-ppg7s-8[0m stage [32mfrom-build-pack[0m and container [32mstep-promote-helm-release[0m
WARNING: No $CHART_REPOSITORY defined so using the default value of: http://jenkins-x-chartmuseum:8080
WARNING: No $CHART_REPOSITORY defined so using the default value of: http://jenkins-x-chartmuseum:8080
Uploading chart file octant-0.0.8.tgz to http://jenkins-x-chartmuseum:8080/api/charts
Received 201 response: {"saved":true}
